C51 COMPILER V9.54   MAIN                                                                  12/09/2021 11:52:39 PAGE 1   


C51 COMPILER V9.54, COMPILATION OF MODULE MAIN
OBJECT MODULE PLACED IN .\Objects\main.obj
COMPILER INVOKED BY: D:\Software\Keil\C51\BIN\C51.EXE main.c OPTIMIZE(8,SPEED) BROWSE DEBUG OBJECTEXTEND PRINT(.\Listing
                    -s\main.lst) OBJECT(.\Objects\main.obj)

line level    source

   1          /*
   2           * func: DC motor speed regulation
   3           * PWM: Pulse-Width Modulation
   4           * author: h00421956
   5           * date: 2021.12.9 
   6           */
   7          
   8          #include <REGX52.H>
   9          #include "Delay.h"
  10          #include "Key.h"
  11          #include "Nixie.h"
  12          #include "Timer0.h"
  13          
  14          sbit Motor = P1^0;
  15          
  16          unsigned char Counter = 0, dutyRatio;   //计数值和比较值，用于输出PWM
  17          unsigned char KeyNum,Speed;
  18          
  19          void main() {
  20   1              Timer0_Init();
  21   1              while(1) {
  22   2                      KeyNum = Key();
  23   2                      if (KeyNum == 1) {
  24   3                              Speed++;
  25   3                              Speed %= 4;
  26   3                              if (Speed==0) {dutyRatio=0;}    //设置比较值，改变PWM占空比(duty ratio)
  27   3                              if (Speed==1) {dutyRatio=50;}
  28   3                              if (Speed==2) {dutyRatio=75;}
  29   3                              if (Speed==3) {dutyRatio=100;}
  30   3                      }
  31   2                      Nixie(1,Speed);
  32   2              }
  33   1      }
  34          
  35          void Timer0_Routine() interrupt 1 {
  36   1              TL0 = 0x9C;             //设置定时初值
  37   1              TH0 = 0xFF;             //设置定时初值
  38   1              Counter++;
  39   1              Counter %= 100; //计数值变化范围限制在0~99
  40   1              if (Counter < dutyRatio) {      //计数值小于比较值
  41   2                      Motor = 1;              //输出1, means what?
  42   2              } else {                                //计数值大于比较值
  43   2                      Motor = 0;              //输出0
  44   2              }
  45   1      }


MODULE INFORMATION:   STATIC OVERLAYABLE
   CODE SIZE        =    104    ----
   CONSTANT SIZE    =   ----    ----
   XDATA SIZE       =   ----    ----
   PDATA SIZE       =   ----    ----
   DATA SIZE        =      4    ----
   IDATA SIZE       =   ----    ----
C51 COMPILER V9.54   MAIN                                                                  12/09/2021 11:52:39 PAGE 2   

   BIT SIZE         =   ----    ----
END OF MODULE INFORMATION.


C51 COMPILATION COMPLETE.  0 WARNING(S),  0 ERROR(S)
