C51 COMPILER V9.54   MAIN                                                                  09/22/2022 16:49:23 PAGE 1   


C51 COMPILER V9.54, COMPILATION OF MODULE MAIN
OBJECT MODULE PLACED IN .\Objects\main.obj
COMPILER INVOKED BY: C:\Program Files\Keil_v5\C51\BIN\C51.EXE main.c OPTIMIZE(8,SPEED) BROWSE DEBUG OBJECTEXTEND PRINT(.
                    -\Listings\main.lst) OBJECT(.\Objects\main.obj)

line level    source

   1          #include <REGX52.H>
   2          
   3          // 声明
   4          void Delay1ms(unsigned int xms);
   5          
   6          
   7          void main()
   8          {
   9   1          while(1) {
  10   2              P2 = 0xFF;      //共阳,全灭
  11   2              Delay1ms(500);
  12   2              P2 = 0x00;  // 共阳,全亮
  13   2              Delay1ms(500);
  14   2              }
  15   1      }
  16          
  17          
  18          void Delay1ms(unsigned int xms)         //@12.000MHz
  19          {
  20   1              unsigned char i, j;
  21   1              while(xms) {
  22   2                      i = 2;
  23   2                      j = 239;
  24   2                      do {
  25   3                              while (--j);
  26   3                      } while (--i);
  27   2                      xms--;
  28   2              }
  29   1      }


MODULE INFORMATION:   STATIC OVERLAYABLE
   CODE SIZE        =     42    ----
   CONSTANT SIZE    =   ----    ----
   XDATA SIZE       =   ----    ----
   PDATA SIZE       =   ----    ----
   DATA SIZE        =   ----    ----
   IDATA SIZE       =   ----    ----
   BIT SIZE         =   ----    ----
END OF MODULE INFORMATION.


C51 COMPILATION COMPLETE.  0 WARNING(S),  0 ERROR(S)
