C51 COMPILER V9.54   DIGITAL                                                               09/21/2022 11:43:41 PAGE 1   


C51 COMPILER V9.54, COMPILATION OF MODULE DIGITAL
OBJECT MODULE PLACED IN .\Objects\digital.obj
COMPILER INVOKED BY: C:\Program Files\Keil_v5\C51\BIN\C51.EXE User\digital.c LARGE OMF2 OPTIMIZE(8,SPEED) BROWSE DEBUG P
                    -RINT(.\Listings\digital.lst) OBJECT(.\Objects\digital.obj)

line level    source

   1          #include "digital.h"
   2          
   3          uint8_t num_map[10][7] = {
   4            {1, 1, 1, 1, 1, 1, 0}, // 0
   5            {0, 1, 1, 0, 0, 0, 0}, // 1
   6            {1, 1, 0, 1, 1, 0, 1}, // 2
   7            {1, 1, 1, 1, 0, 0, 1}, // 3
   8            {0, 1, 1, 0, 0, 1, 1}, // 4
   9            {1, 0, 1, 1, 0, 1, 1}, // 5
  10            {1, 0, 1, 1, 1, 1, 1}, // 6
  11            {1, 1, 1, 0, 0, 0, 0}, // 7
  12            {1, 1, 1, 1, 1, 1, 1}, // 8
  13            {1, 1, 1, 1, 0, 1, 1}  // 9
  14          };
  15          
  16          uint8_t led_map[2][7][2] = {
  17            {
  18              {2,3},{3,2},{4,3},{4,2},{5,2},{5,3},{5,4}
  19            },
  20            {
  21              {1,2},{2,1},{1,3},{3,1},{1,4},{4,1},{5,1}
  22            }
  23          };
  24          
  25          void clearLed(uint8_t segment) {
  26   1              switch(segment) {
  27   2                      case 0:
  28   2                              P2M1|=0x02;P2M0&=~0x02;//高阻输入
  29   2                              P2M1|=0x04;P2M0&=~0x04;//高阻输入
  30   2                              P2M1|=0x08;P2M0&=~0x08;//高阻输入
  31   2                              P2M1|=0x10;P2M0&=~0x10;//高阻输入
  32   2                              P2M1|=0x20;P2M0&=~0x20;//高阻输入
  33   2                              break;
  34   2                      case 1:
  35   2                              P2M1|=0x40;P2M0&=~0x40;//高阻输入
  36   2                              P2M1|=0x80;P2M0&=~0x80;//高阻输入
  37   2                              P0M1|=0x01;P0M0&=~0x01;//高阻输入
  38   2                              P0M1|=0x02;P0M0&=~0x02;//高阻输入
  39   2                              P0M1|=0x04;P0M0&=~0x04;//高阻输入
  40   2                              break;
  41   2                      case 2:
  42   2                              P3M1|=0x10;P3M0&=~0x10;//高阻输入
  43   2                              P3M1|=0x20;P3M0&=~0x20;//高阻输入
  44   2                              P3M1|=0x40;P3M0&=~0x40;//高阻输入
  45   2                              P3M1|=0x80;P3M0&=~0x80;//高阻输入
  46   2                              P2M1|=0x01;P2M0&=~0x01;//高阻输入
  47   2                              break;
  48   2                      case 3:
  49   2                              P1M1|=0x01;P1M0&=~0x01;//高阻输入
  50   2                              P1M1|=0x02;P1M0&=~0x02;//高阻输入
  51   2                              P1M1|=0x40;P1M0&=~0x40;//高阻输入
  52   2                              P3M1|=0x04;P3M0&=~0x04;//高阻输入
  53   2                              P3M1|=0x08;P3M0&=~0x08;//高阻输入
  54   2                              break;
C51 COMPILER V9.54   DIGITAL                                                               09/21/2022 11:43:41 PAGE 2   

  55   2              }
  56   1      }
  57          
  58          void setPin(uint8_t segment, uint8_t pin_high, uint8_t pin_low)
  59          {
  60   1              int clk = 120;
  61   1              clearLed(segment);
  62   1              // 第一个数码管
  63   1              if(segment == 0) {
  64   2                      // 上拉
  65   2                      if(pin_high == 1) {
  66   3                              P2M1&=~0x02;P2M0|=0x02;//推挽输出
  67   3                              P21 = 1;
  68   3                      }
  69   2                      else if(pin_high == 2) {
  70   3                              P2M1&=~0x04;P2M0|=0x04;//推挽输出   
  71   3                              P22 = 1;
  72   3                      }
  73   2                      else if(pin_high == 3) {
  74   3                              P2M1&=~0x08;P2M0|=0x08;//推挽输出
  75   3                              P23 = 1;
  76   3                      }
  77   2                      else if(pin_high == 4) {
  78   3                              P2M1&=~0x10;P2M0|=0x10;//推挽输出
  79   3                              P24 = 1;
  80   3                      }
  81   2                      else if(pin_high == 5) {
  82   3                              P2M1&=~0x20;P2M0|=0x20;//推挽输出
  83   3                              P25 = 1;
  84   3                      }
  85   2                      // 下拉
  86   2                      if(pin_low == 1) {
  87   3                              P2M1&=~0x02;P2M0|=0x02;//推挽输出
  88   3                              P21 = 0;
  89   3                      }
  90   2                      else if(pin_low == 2) {
  91   3                              P2M1&=~0x04;P2M0|=0x04;//推挽输出
  92   3                              P22 = 0;
  93   3                      }
  94   2                      else if(pin_low == 3) {
  95   3                              P2M1&=~0x08;P2M0|=0x08;//推挽输出
  96   3                              P23 = 0;
  97   3                      }
  98   2                      else if(pin_low == 4){
  99   3                              P2M1&=~0x10;P2M0|=0x10;//推挽输出
 100   3                              P24 = 0;
 101   3                      }
 102   2                      else if(pin_low == 5) {
 103   3                              P2M1&=~0x20;P2M0|=0x20;//推挽输出
 104   3                              P25 = 0;
 105   3                      }
 106   2              }// 第二个数码管
 107   1              else if(segment == 1) {
 108   2                      // 上拉
 109   2                      if(pin_high == 1) {
 110   3                              P2M1&=~0x40;P2M0|=0x40;//推挽输出
 111   3                              P26 = 1;
 112   3                      }
 113   2                      else if(pin_high == 2) {
 114   3                              P2M1&=~0x80;P2M0|=0x80;//推挽输出
 115   3                              P27 = 1;
 116   3                      }
C51 COMPILER V9.54   DIGITAL                                                               09/21/2022 11:43:41 PAGE 3   

 117   2                      else if(pin_high == 3) {
 118   3                              P0M1&=~0x01;P0M0|=0x01;//推挽输出
 119   3                              P00 = 1;
 120   3                      }
 121   2                      else if(pin_high == 4) {
 122   3                              P0M1&=~0x02;P0M0|=0x02;//推挽输出
 123   3                              P01 = 1;
 124   3                      }
 125   2                      else if(pin_high == 5) {
 126   3                              P0M1&=~0x04;P0M0|=0x04;//推挽输出
 127   3                              P02 = 1;
 128   3                      }
 129   2                      // 下拉
 130   2                      if(pin_low == 1) {
 131   3                              P2M1&=~0x40;P2M0|=0x40;//推挽输出
 132   3                              P26 = 0;
 133   3                      }
 134   2                      else if(pin_low == 2) {
 135   3                              P2M1&=~0x80;P2M0|=0x80;//推挽输出
 136   3                              P27 = 0;
 137   3                      }
 138   2                      else if(pin_low == 3) {
 139   3                              P0M1&=~0x01;P0M0|=0x01;//推挽输出
 140   3                              P00 = 0;
 141   3                      }
 142   2                      else if(pin_low == 4){
 143   3                              P0M1&=~0x02;P0M0|=0x02;//推挽输出
 144   3                              P01 = 0;
 145   3                      }
 146   2                      else if(pin_low == 5) {
 147   3                              P0M1&=~0x04;P0M0|=0x04;//推挽输出
 148   3                              P02 = 0;
 149   3                      }
 150   2              }
 151   1              // 第三个数码管
 152   1              else if(segment == 2) {
 153   2                      // 上拉
 154   2                      if(pin_high == 1) {
 155   3                              P3M1&=~0x10;P3M0|=0x10;//推挽输出
 156   3                              P34 = 1;
 157   3                      }
 158   2                      else if(pin_high == 2) {
 159   3                              P3M1&=~0x20;P3M0|=0x20;//推挽输出
 160   3                              P35 = 1;
 161   3                      }
 162   2                      else if(pin_high == 3) {
 163   3                              P3M1&=~0x40;P3M0|=0x40;//推挽输出
 164   3                              P36 = 1;
 165   3                      }
 166   2                      else if(pin_high == 4) {
 167   3                              P3M1&=~0x80;P3M0|=0x80;//推挽输出
 168   3                              P37 = 1;
 169   3                      }
 170   2                      else if(pin_high == 5) {
 171   3                              P2M1&=~0x01;P2M0|=0x01;//推挽输出
 172   3                              P20 = 1;
 173   3                      }
 174   2                      // 下拉
 175   2                      if(pin_low == 1) {
 176   3                              P3M1&=~0x10;P3M0|=0x10;//推挽输出
 177   3                              P34 = 0;
 178   3                      }
C51 COMPILER V9.54   DIGITAL                                                               09/21/2022 11:43:41 PAGE 4   

 179   2                      else if(pin_low == 2) {
 180   3                              P3M1&=~0x20;P3M0|=0x20;//推挽输出
 181   3                              P35 = 0;
 182   3                      }
 183   2                      else if(pin_low == 3) {
 184   3                              P3M1&=~0x40;P3M0|=0x40;//推挽输出
 185   3                              P36 = 0;
 186   3                      }
 187   2                      else if(pin_low == 4){
 188   3                              P3M1&=~0x80;P3M0|=0x80;//推挽输出
 189   3                              P37 = 0;
 190   3                      }
 191   2                      else if(pin_low == 5) {
 192   3                              P2M1&=~0x01;P2M0|=0x01;//推挽输出
 193   3                              P20 = 0;
 194   3                      }
 195   2              }
 196   1              // 第四个数码管
 197   1              else if(segment == 3) {
 198   2                      // 上拉
 199   2                      if(pin_high == 1) {
 200   3                              P1M1&=~0x01;P1M0|=0x01;//推挽输出
 201   3                              P10 = 1;
 202   3                      }
 203   2                      else if(pin_high == 2) {
 204   3                              P1M1&=~0x02;P1M0|=0x02;//推挽输出
 205   3                              P11 = 1;
 206   3                      }
 207   2                      else if(pin_high == 3) {
 208   3                              P1M1&=~0x40;P1M0|=0x40;//推挽输出
 209   3                              P16 = 1;
 210   3                      }
 211   2                      else if(pin_high == 4) {
 212   3                              P3M1&=~0x04;P3M0|=0x04;//推挽输出
 213   3                              P32 = 1;
 214   3                      }
 215   2                      else if(pin_high == 5) {
 216   3                              P3M1&=~0x08;P3M0|=0x08;//推挽输出
 217   3                              P33 = 1;
 218   3                      }
 219   2                      // 下拉
 220   2                      if(pin_low == 1) {
 221   3                              P1M1&=~0x01;P1M0|=0x01;//推挽输出
 222   3                              P10 = 0;
 223   3                      }
 224   2                      else if(pin_low == 2) {
 225   3                              P1M1&=~0x02;P1M0|=0x02;//推挽输出
 226   3                              P11 = 0;
 227   3                      }
 228   2                      else if(pin_low == 3) {
 229   3                              P1M1&=~0x40;P1M0|=0x40;//推挽输出
 230   3                              P16 = 0;
 231   3                      }
 232   2                      else if(pin_low == 4){
 233   3                              P3M1&=~0x04;P3M0|=0x04;//推挽输出
 234   3                              P32 = 0;
 235   3                      }
 236   2                      else if(pin_low == 5) {
 237   3                              P3M1&=~0x08;P3M0|=0x08;//推挽输出
 238   3                              P33 = 0;
 239   3                      }
 240   2              }
C51 COMPILER V9.54   DIGITAL                                                               09/21/2022 11:43:41 PAGE 5   

 241   1              
 242   1              while(clk--);
 243   1      }
 244          
 245          void showLed(uint8_t segment, uint8_t pData, uint8_t flag)
 246          {
 247   1              int n, i;
 248   1              // 熄灭所有灯
 249   1        if(pData == 0xff) {
 250   2                clearLed(segment); 
 251   2                      return;
 252   2              }
 253   1        // 百分号
 254   1        setPin(segment, 2, 5);
 255   1        // 充电状态
 256   1        if(flag) {
 257   2          setPin(segment, 3, 5);
 258   2        }
 259   1        if(pData / 100) {   // 显示百位
 260   2          setPin(segment, 3, 4);
 261   2          setPin(segment, 2, 4);
 262   2        }
 263   1        if(pData > 9) {     //  显示十位
 264   2          n = pData % 100 / 10;
 265   2          for(i=0; i<7; i++) {
 266   3            if(num_map[n][i] == 1) {
 267   4              setPin(segment, led_map[0][i][0], led_map[0][i][1]);
 268   4            }
 269   3          }
 270   2        }
 271   1        n = pData % 10;
 272   1        for(i=0; i<7; i++) {
 273   2          if(num_map[n][i] == 1) {
 274   3            setPin(segment, led_map[1][i][0], led_map[1][i][1]);
 275   3          }
 276   2        }
 277   1              clearLed(segment); 
 278   1      }
 279          
 280          void Digital_Init(void)
 281          {
 282   1              // 网络灯
 283   1              P0M1&=~0x08;P0M0|=0x08;//推挽输出
 284   1      }
 285          
 286          void showNetwork(const uint8_t pData)
 287          {
 288   1              if(pData == 1) {
 289   2                      P03 = 1;
 290   2              } else {
 291   2                      P03 = 0;
 292   2              }
 293   1      }


MODULE INFORMATION:   STATIC OVERLAYABLE
   CODE SIZE        =   1166    ----
   CONSTANT SIZE    =   ----    ----
   XDATA SIZE       =     98       6
   PDATA SIZE       =   ----    ----
   DATA SIZE        =   ----    ----
   IDATA SIZE       =   ----    ----
C51 COMPILER V9.54   DIGITAL                                                               09/21/2022 11:43:41 PAGE 6   

   BIT SIZE         =   ----    ----
   EDATA SIZE       =   ----    ----
   HDATA SIZE       =   ----    ----
   XDATA CONST SIZE =   ----    ----
   FAR CONST SIZE   =   ----    ----
END OF MODULE INFORMATION.


C51 COMPILATION COMPLETE.  0 WARNING(S),  0 ERROR(S)
