C51 COMPILER V9.54   SPI                                                                   09/21/2022 11:43:42 PAGE 1   


C51 COMPILER V9.54, COMPILATION OF MODULE SPI
OBJECT MODULE PLACED IN .\Objects\spi.obj
COMPILER INVOKED BY: C:\Program Files\Keil_v5\C51\BIN\C51.EXE User\spi.c LARGE OMF2 OPTIMIZE(8,SPEED) BROWSE DEBUG PRINT
                    -(.\Listings\spi.lst) OBJECT(.\Objects\spi.obj)

line level    source

   1          #include <STC8H.H>
   2          #include "spi.h"
   3          
   4          #define ESPI 0x02
   5          #define FRAME_HEAD 0xEA
   6          #define LED_FLAG  0x80
   7          
   8          
   9          uint8_t network = 0;
  10          // 4 digital status
  11          uint8_t sData[4][2] = {
  12                  {188, 1}, // show value:0xff power off all led. charging status
  13                  {188, 1},
  14                  {188, 1},
  15                  {188, 1}
  16          };
  17          
  18          const uint8_t frame_head = 0xEA;
  19          
  20          uint8_t frame_seg  = 0;
  21          uint8_t frame_data = 0;
  22          uint8_t frame_idx  = 0;
  23          
  24          extern uint8_t sData[4][2];
  25          extern uint8_t network;
  26          
  27          void MX_SPI1_Init()
  28          {
  29   1              SPDAT  = 0x00;
  30   1              SPCTL  = 0x40;                              //使能SPI从机模式
  31   1              SPSTAT = 0xC0;                              //清中断标志
  32   1              IE2    = ESPI;                              //使能SPI中断
  33   1      }
  34          
  35          void MX_SPI1_ISR() interrupt 9
  36          { 
  37   1              frame_data = SPDAT;
  38   1              
  39   1        if(frame_idx == 1) {       // 数据一
  40   2                      frame_seg = frame_data;
  41   2                      frame_idx = 2;
  42   2              } 
  43   1              else if(frame_idx == 2) {  // 数据二
  44   2                      if(frame_seg == LED_FLAG) {
  45   3                              network = frame_data;
  46   3                              frame_idx = 0;
  47   3                      } else {
  48   3                              sData[frame_seg][0] = frame_data;
  49   3                              frame_idx = 3;
  50   3                      }
  51   2              }
  52   1              else if(frame_idx == 3) { // 数据三
  53   2                      if(frame_seg < 4) {
  54   3                              sData[frame_seg][1] = frame_data;
C51 COMPILER V9.54   SPI                                                                   09/21/2022 11:43:42 PAGE 2   

  55   3                      }
  56   2                      frame_idx = 0;
  57   2              }
  58   1              
  59   1              if(frame_head == frame_data) {
  60   2                      frame_idx  = 1;
  61   2                      WDT_CONTR = 0x37;                       //清看门狗,否则系统复位
  62   2              }
  63   1              
  64   1              SPSTAT = 0xC0;
  65   1      }


MODULE INFORMATION:   STATIC OVERLAYABLE
   CODE SIZE        =    181    ----
   CONSTANT SIZE    =   ----    ----
   XDATA SIZE       =     13    ----
   PDATA SIZE       =   ----    ----
   DATA SIZE        =   ----    ----
   IDATA SIZE       =   ----    ----
   BIT SIZE         =   ----    ----
   EDATA SIZE       =   ----    ----
   HDATA SIZE       =   ----    ----
   XDATA CONST SIZE =   ----    ----
   FAR CONST SIZE   =   ----    ----
END OF MODULE INFORMATION.


C51 COMPILATION COMPLETE.  0 WARNING(S),  0 ERROR(S)
