C51 COMPILER V9.54   MAIN                                                                  06/24/2023 15:04:00 PAGE 1   


C51 COMPILER V9.54, COMPILATION OF MODULE MAIN
OBJECT MODULE PLACED IN .\Objects\main.obj
COMPILER INVOKED BY: D:\Software\Keil\Keil_C51\C51\BIN\C51.EXE main.c OPTIMIZE(8,SPEED) BROWSE INCDIR(.\Hardware) DEBUG 
                    -OBJECTEXTEND PRINT(.\Listings\main.lst) OBJECT(.\Objects\main.obj)

line level    source

   1          #include <REGX52.H>
   2          #include <INTRINS.H> 
   3          #include "delay.h"
   4          #include "drv8833.h"
   5          #include "oled.h"
   6          #include "servo.h"
   7          
   8          
   9          extern unsigned int g_count;
  10          extern unsigned int g_motor_speed;
  11          
  12          
  13          //2023.6.20
  14          void main(void)
  15          {
  16   1      
  17   1          OLED_Init();                        //初始化OLED  
  18   1          OLED_Clear();               //清屏函数
  19   1          OLED_ShowString(0,0,"DC Motor Demo",16);  
  20   1          OLED_ShowString(6,3,"2023.6.24",16);  
  21   1          
  22   1          // 直流电机
  23   1          DRV8833_Init();
  24   1          
  25   1          //舵机
  26   1      //    Timer0_Init();
  27   1      //    SERVO_Init();    
  28   1          g_motor_speed = 50;    
  29   1              
  30   1          while(1)                   /*无限循环*/
  31   1          {       
  32   2              //SERVO_Task();
  33   2              //DRV8833_Task();
  34   2              DRV8833_2_Forward();
  35   2              DELAY_ms(2000);
  36   2              DRV8833_2_Backward();
  37   2      //        DRV8833_1_Stop();
  38   2              DELAY_ms(2000);
  39   2              
  40   2      //        g_count++;        
  41   2      //        if(g_count >= 0 && g_count <= g_motor_speed)
  42   2      //        {
  43   2      //            // 正转
  44   2      //            DRV8833_1_Forward();
  45   2      //            
  46   2      //        } else {
  47   2      //            // 正转
  48   2      //            DRV8833_1_Stop();
  49   2      //        }
  50   2      //        if(g_count==100)  {      
  51   2      //            g_count=0;           
  52   2      //        }
  53   2      //        DELAY_ms(10);
  54   2          }
C51 COMPILER V9.54   MAIN                                                                  06/24/2023 15:04:00 PAGE 2   

  55   1      
  56   1      }


MODULE INFORMATION:   STATIC OVERLAYABLE
   CODE SIZE        =     68    ----
   CONSTANT SIZE    =     24    ----
   XDATA SIZE       =   ----    ----
   PDATA SIZE       =   ----    ----
   DATA SIZE        =   ----    ----
   IDATA SIZE       =   ----    ----
   BIT SIZE         =   ----    ----
END OF MODULE INFORMATION.


C51 COMPILATION COMPLETE.  0 WARNING(S),  0 ERROR(S)
