C51 COMPILER V9.54   MAIN                                                                  07/11/2023 21:52:07 PAGE 1   


C51 COMPILER V9.54, COMPILATION OF MODULE MAIN
OBJECT MODULE PLACED IN .\Objects\main.obj
COMPILER INVOKED BY: D:\Software\Keil\Keil_C51\C51\BIN\C51.EXE main.c OPTIMIZE(8,SPEED) BROWSE DEBUG OBJECTEXTEND PRINT(
                    -.\Listings\main.lst) OBJECT(.\Objects\main.obj)

line level    source

   1          #include <REGX52.H>
   2           
   3           unsigned char code fseg[]={0xc0,0xf9,0xa4,0xb0,0x99,0x92,0x82,0xf8,0x80,0x90};
   4           unsigned char code segbit[]={0x80,0x40,0x20,0x10,0x08,0x04,0x02,0x01};
   5           unsigned char  disbuf[4]={0,0,0,0};
   6          
   7          
   8           //-----------------------------------------------------------------------------
   9          // 函数原形定义
  10          #define uchar unsigned char
  11          
  12          void main (void);                                       // 主函数
  13          void LED4_Display (void);                       // LED显示
  14          void LED_OUT(uchar X);                          // LED单字节串行移位函数
  15          
  16          unsigned char code LED_0F[];            // LED字模表
  17          
  18          sbit NIXIE_DIO = P1^0;                          //串行数据输入
  19          sbit NIXIE_RCLK  = P1^1;                                //时钟脉冲信号――上升沿有效
  20          sbit NIXIE_SCLK = P1^2;                         //打入信号――――上升沿有效
  21          
  22          //-----------------------------------------------------------------------------
  23          // 全局变量
  24          uchar LED[8];   //用于LED的8位显示缓存
  25          
  26          
  27          //*****************************************************************************
  28          // 主程序
  29          //
  30          void main (void) 
  31          {
  32   1      
  33   1              LED[0]=1;
  34   1              LED[1]=1;
  35   1              LED[2]=1;
  36   1              LED[3]=1;
  37   1      
  38   1              while(1)
  39   1              {
  40   2                      LED4_Display ();
  41   2              } 
  42   1      } 
  43          
  44          void LED4_Display (void)
  45          {
  46   1              unsigned char code *led_table;          // 查表指针
  47   1              uchar i;
  48   1              //显示第1位
  49   1              led_table = LED_0F + LED[0];
  50   1              i = *led_table;
  51   1      
  52   1              LED_OUT(i);                     
  53   1              LED_OUT(0x01);          
  54   1      
C51 COMPILER V9.54   MAIN                                                                  07/11/2023 21:52:07 PAGE 2   

  55   1              NIXIE_RCLK = 0;
  56   1              NIXIE_RCLK = 1;
  57   1              //显示第2位
  58   1              led_table = LED_0F + LED[1];
  59   1              i = *led_table;
  60   1      
  61   1              LED_OUT(i);             
  62   1              LED_OUT(0x02);          
  63   1      
  64   1              NIXIE_RCLK = 0;
  65   1              NIXIE_RCLK = 1;
  66   1              //显示第3位
  67   1              led_table = LED_0F + LED[2];
  68   1              i = *led_table;
  69   1      
  70   1              LED_OUT(i);                     
  71   1              LED_OUT(0x04);  
  72   1      
  73   1              NIXIE_RCLK = 0;
  74   1              NIXIE_RCLK = 1;
  75   1              //显示第4位
  76   1              led_table = LED_0F + LED[3];
  77   1              i = *led_table;
  78   1      
  79   1              LED_OUT(i);                     
  80   1              LED_OUT(0x08);          
  81   1      
  82   1              NIXIE_RCLK = 0;
  83   1              NIXIE_RCLK = 1;
  84   1      }
  85          
  86          void LED_OUT(uchar X)
  87          {
  88   1              uchar i;
  89   1              for(i=8;i>=1;i--)
  90   1              {
  91   2                      if (X&0x80) NIXIE_DIO=1; else NIXIE_DIO=0;
  92   2                      X<<=1;
  93   2                      NIXIE_SCLK = 0;
  94   2                      NIXIE_SCLK = 1;
  95   2              }
  96   1      }
  97          
  98          unsigned char code LED_0F[] = 
  99          {// 0    1        2        3    4        5        6        7    8        9        A        b    C    d    E    F    -
 100                  0xC0,0xF9,0xA4,0xB0,0x99,0x92,0x82,0xF8,0x80,0x90,0x8C,0xBF,0xC6,0xA1,0x86,0xFF,0xbf
 101          };
 102          
 103          
 104          


MODULE INFORMATION:   STATIC OVERLAYABLE
   CODE SIZE        =    115    ----
   CONSTANT SIZE    =     35    ----
   XDATA SIZE       =   ----    ----
   PDATA SIZE       =   ----    ----
   DATA SIZE        =     12    ----
   IDATA SIZE       =   ----    ----
   BIT SIZE         =   ----    ----
END OF MODULE INFORMATION.


C51 COMPILATION COMPLETE.  0 WARNING(S),  0 ERROR(S)
